TN:
SF:app.js
FNF:0
FNH:0
DA:2,1
DA:3,1
DA:6,1
DA:7,1
DA:9,1
DA:12,1
DA:13,1
DA:16,1
DA:17,1
DA:20,1
LF:10
LH:10
BRF:0
BRH:0
end_of_record
TN:
SF:database.js
FN:9,testConnection
FNF:1
FNH:0
FNDA:0,testConnection
DA:1,4
DA:3,4
DA:10,0
DA:11,0
DA:12,0
DA:14,0
DA:19,4
DA:20,0
DA:23,4
LF:9
LH:4
BRDA:19,0,0,0
BRDA:19,0,1,4
BRF:2
BRH:1
end_of_record
TN:
SF:controllers\colecionavelController.js
FN:4,(anonymous_0)
FN:24,(anonymous_1)
FN:48,(anonymous_2)
FN:58,(anonymous_3)
FN:79,(anonymous_4)
FN:98,(anonymous_5)
FNF:6
FNH:2
FNDA:1,(anonymous_0)
FNDA:0,(anonymous_1)
FNDA:2,(anonymous_2)
FNDA:0,(anonymous_3)
FNDA:0,(anonymous_4)
FNDA:0,(anonymous_5)
DA:2,1
DA:4,1
DA:5,1
DA:6,1
DA:7,1
DA:8,1
DA:9,0
DA:11,1
DA:12,0
DA:14,1
DA:17,1
DA:19,0
DA:20,0
DA:24,1
DA:25,0
DA:27,0
DA:30,0
DA:36,0
DA:38,0
DA:44,0
DA:48,1
DA:49,2
DA:50,2
DA:51,2
DA:52,1
DA:54,0
DA:58,1
DA:59,0
DA:61,0
DA:63,0
DA:65,0
DA:73,0
DA:75,0
DA:79,1
DA:80,0
DA:81,0
DA:82,0
DA:84,0
DA:87,0
DA:88,0
DA:91,0
DA:92,0
DA:94,0
DA:98,1
DA:99,0
DA:100,0
DA:101,0
DA:103,0
DA:106,0
DA:107,0
DA:110,0
DA:111,0
DA:113,0
LF:53
LH:18
BRDA:8,0,0,0
BRDA:8,0,1,1
BRDA:11,1,0,0
BRDA:11,1,1,1
BRDA:51,2,0,1
BRDA:51,2,1,1
BRDA:84,3,0,0
BRDA:84,3,1,0
BRDA:87,4,0,0
BRDA:87,4,1,0
BRDA:103,5,0,0
BRDA:103,5,1,0
BRDA:106,6,0,0
BRDA:106,6,1,0
BRF:14
BRH:4
end_of_record
TN:
SF:controllers\usuarioController.js
FN:9,(anonymous_0)
FN:42,(anonymous_1)
FNF:2
FNH:2
FNDA:6,(anonymous_0)
FNDA:8,(anonymous_1)
DA:2,3
DA:3,3
DA:4,3
DA:7,3
DA:9,3
DA:10,6
DA:11,6
DA:14,6
DA:15,4
DA:16,2
DA:20,2
DA:23,2
DA:30,2
DA:37,2
DA:38,2
DA:42,3
DA:43,8
DA:44,8
DA:47,8
DA:50,6
DA:51,2
DA:55,4
DA:56,4
DA:57,2
DA:61,2
DA:67,2
DA:73,2
DA:74,2
LF:28
LH:28
BRDA:15,0,0,2
BRDA:15,0,1,2
BRDA:50,1,0,2
BRDA:50,1,1,4
BRDA:56,2,0,2
BRDA:56,2,1,2
BRF:6
BRH:6
end_of_record
TN:
SF:middlewares\authMiddleware.js
FN:6,(anonymous_0)
FNF:1
FNH:1
FNDA:3,(anonymous_0)
DA:2,2
DA:3,2
DA:6,2
DA:8,3
DA:9,3
DA:11,3
DA:12,1
DA:15,2
DA:17,2
DA:20,1
DA:22,1
DA:24,1
LF:12
LH:12
BRDA:9,0,0,3
BRDA:9,0,1,2
BRDA:11,1,0,1
BRDA:11,1,1,2
BRF:4
BRH:4
end_of_record
TN:
SF:models\Colecionavel.js
FNF:0
FNH:0
DA:2,1
DA:3,1
DA:5,1
DA:29,1
LF:4
LH:4
BRF:0
BRH:0
end_of_record
TN:
SF:models\Usuario.js
FNF:0
FNH:0
DA:2,3
DA:3,3
DA:5,3
DA:27,3
LF:4
LH:4
BRF:0
BRH:0
end_of_record
TN:
SF:routes\colecionavelRoutes.js
FNF:0
FNH:0
DA:2,1
DA:3,1
DA:4,1
DA:5,1
DA:8,1
DA:9,1
DA:10,1
DA:14,1
DA:15,1
DA:16,1
DA:18,1
LF:11
LH:11
BRF:0
BRH:0
end_of_record
TN:
SF:routes\usuarioRoutes.js
FNF:0
FNH:0
DA:2,1
DA:3,1
DA:4,1
DA:7,1
DA:10,1
DA:12,1
LF:6
LH:6
BRF:0
BRH:0
end_of_record
